-------------------------------------------------------------------------------
Test set: sprint6.StabTest
-------------------------------------------------------------------------------
Tests run: 1, Failures: 0, Errors: 1, Skipped: 0, Time elapsed: 0 s <<< FAILURE! - in sprint6.StabTest
calcSalaryTest(sprint6.StabTest)  Time elapsed: 0 s  <<< ERROR!
java.lang.NullPointerException: Cannot invoke "sprint6.PayrollCalculator.calcSalary(int, int, int)" because "this.payrollCalculator" is null
	at sprint6.StabTest.calcSalaryTest(StabTest.java:16)

